This is pdfTeX, Version 3.141592653-2.6-1.40.24 (TeX Live 2022/Debian) (preloaded format=pdflatex 2023.8.10)  6 SEP 2023 17:57
entering extended mode
 restricted \write18 enabled.
 %&-line parsing enabled.
**bayesBiasCL.tex
(./bayesBiasCL.tex
LaTeX2e <2022-11-01> patch level 1
L3 programming layer <2023-01-16> (./clv3.cls
Document Class: clv3 2016/06/15 v2 LaTeX document class for MIT - Computational
 Linguistics Journals
\draftrule=\dimen140
\trimrule=\dimen141
\trimwidth=\skip48
\trimheight=\skip49
\typewidth=\skip50
\typeheight=\skip51
\normaltextheight=\skip52
\blindfoliodrop=\skip53
\figheight=\skip54
\figwidth=\skip55
\tabledim=\skip56
\tempdimen=\dimen142
\enumdim=\dimen143
\mathindent=\dimen144
\emathindent=\dimen145
\bibindent=\dimen146
\normalbaselineskip=\skip57
\tableleftskip=\skip58
\tablerightskip=\skip59
\tempbox=\box51
LaTeX Info: Redefining \itshape on input line 457.
LaTeX Info: Redefining \scshape on input line 462.
(/usr/share/texlive/texmf-dist/tex/latex/base/fontenc.sty
Package: fontenc 2021/04/29 v2.0v Standard LaTeX package
)
(/usr/share/texlive/texmf-dist/tex/latex/base/textcomp.sty
Package: textcomp 2020/02/02 v2.0n Standard LaTeX package
)
(/usr/share/texlive/texmf-dist/tex/latex/psnfss/palatino.sty
Package: palatino 2020/03/25 PSNFSS-v9.3 (SPQR) 
)
(/usr/share/texlive/texmf-dist/tex/latex/psnfss/helvet.sty
Package: helvet 2020/03/25 PSNFSS-v9.3 (WaS) 

(/usr/share/texlive/texmf-dist/tex/latex/graphics/keyval.sty
Package: keyval 2022/05/29 v1.15 key=value parser (DPC)
\KV@toks@=\toks16
))
\minute=\count185
\hour=\count186
\aucount=\count187
\tempcount=\count188
\c@part=\count189
\c@chapter=\count190
\c@section=\count191
\c@subsection=\count192
\c@subsubsection=\count193
\c@paragraph=\count194
\c@subparagraph=\count195
\topsepi=\skip60
\topsepii=\skip61
\topsepiii=\skip62
\itemsepi=\skip63
\itemsepii=\skip64
\itemsepiii=\skip65
\LabelSep=\dimen147
\listtopsepi=\skip66
\listtopsepii=\skip67
\listtopsepiii=\skip68
\listitemsepi=\skip69
\listitemsepii=\skip70
\listitemsepiii=\skip71
\listleftmargini=\skip72
\listleftmarginii=\skip73
\listleftmarginiii=\skip74
\listlabelwidthi=\skip75
\listlabelwidthii=\skip76
\listlabelwidthiii=\skip77
\listlabelsepi=\skip78
\listlabelsepii=\skip79
\listlabelsepiii=\skip80
\listrightmargin=\skip81
\listdepth=\count196
\lpalignmaxwd=\skip82
\c@eqnnosave=\count197

(/usr/share/texlive/texmf-dist/tex/latex/amscls/amsthm.sty
Package: amsthm 2020/05/29 v2.20.6
\thm@style=\toks17
\thm@bodyfont=\toks18
\thm@headfont=\toks19
\thm@notefont=\toks20
\thm@headpunct=\toks21
\thm@preskip=\skip83
\thm@postskip=\skip84
\thm@headsep=\skip85
\dth@everypar=\toks22
)
\c@example=\count198
\c@theorem=\count199
\c@lemma=\count266
\c@proposition=\count267
\c@corollary=\count268
\c@notation=\count269
\c@assumption=\count270
\c@remark=\count271
\c@numdef=\count272
\c@numtheorem=\count273
\c@case=\count274
\abovecaptionskip=\skip86
\belowcaptionskip=\skip87
\c@figure=\count275

(/usr/share/texlive/texmf-dist/tex/latex/graphics/epsfig.sty
Package: epsfig 2017/06/25 v1.7b (e)psfig emulation (SPQR)

(/usr/share/texlive/texmf-dist/tex/latex/graphics/graphicx.sty
Package: graphicx 2021/09/16 v1.2d Enhanced LaTeX Graphics (DPC,SPQR)

(/usr/share/texlive/texmf-dist/tex/latex/graphics/graphics.sty
Package: graphics 2022/03/10 v1.4e Standard LaTeX Graphics (DPC,SPQR)

(/usr/share/texlive/texmf-dist/tex/latex/graphics/trig.sty
Package: trig 2021/08/11 v1.11 sin cos tan (DPC)
)
(/usr/share/texlive/texmf-dist/tex/latex/graphics-cfg/graphics.cfg
File: graphics.cfg 2016/06/04 v1.11 sample graphics configuration
)
Package graphics Info: Driver file: pdftex.def on input line 107.

(/usr/share/texlive/texmf-dist/tex/latex/graphics-def/pdftex.def
File: pdftex.def 2022/09/22 v1.2b Graphics/color driver for pdftex
))
\Gin@req@height=\dimen148
\Gin@req@width=\dimen149
)
\epsfxsize=\dimen150
\epsfysize=\dimen151
)
(/usr/share/texlive/texmf-dist/tex/latex/graphics/rotating.sty
Package: rotating 2016/08/11 v2.16d rotated objects in LaTeX

(/usr/share/texlive/texmf-dist/tex/latex/base/ifthen.sty
Package: ifthen 2022/04/13 v1.1d Standard LaTeX ifthen package (DPC)
)
\c@r@tfl@t=\count276
\rotFPtop=\skip88
\rotFPbot=\skip89
\rot@float@box=\box52
\rot@mess@toks=\toks23
)
\figtempbox=\box53
\c@table=\count277
\@footmax=\dimen152
\bibleftmargin=\skip90
\biblabelsep=\skip91
\bibitemsep=\skip92
\bibparsep=\skip93

(/usr/share/texlive/texmf-dist/tex/latex/natbib/natbib.sty
Package: natbib 2010/09/13 8.31b (PWD, AO)
\bibhang=\skip94
\bibsep=\skip95
LaTeX Info: Redefining \cite on input line 694.
\c@NAT@ctr=\count278
)
\c@rules=\count279
\c@qcount=\count280
\qcountdim=\dimen153
\@twocolsep=\dimen154
\partialpage=\box54
\tblcolcount=\count281
\tcsepbefore=\skip96

(/usr/share/texlive/texmf-dist/tex/latex/amsfonts/amsfonts.sty
Package: amsfonts 2013/01/14 v3.01 Basic AMSFonts support
\@emptytoks=\toks24
\symAMSa=\mathgroup4
\symAMSb=\mathgroup5
LaTeX Font Info:    Redeclaring math symbol \hbar on input line 98.
LaTeX Font Info:    Overwriting math alphabet `\mathfrak' in version `bold'
(Font)                  U/euf/m/n --> U/euf/b/n on input line 106.
)
(/usr/share/texlive/texmf-dist/tex/latex/amsfonts/amssymb.sty
Package: amssymb 2013/01/14 v3.01 AMS font symbols
)
(/usr/share/texlive/texmf-dist/tex/latex/tools/multicol.sty
Package: multicol 2021/11/30 v1.9d multicolumn formatting (FMi)
\c@tracingmulticols=\count282
\mult@box=\box55
\multicol@leftmargin=\dimen155
\c@unbalance=\count283
\c@collectmore=\count284
\doublecol@number=\count285
\multicoltolerance=\count286
\multicolpretolerance=\count287
\full@width=\dimen156
\page@free=\dimen157
\premulticols=\dimen158
\postmulticols=\dimen159
\multicolsep=\skip97
\multicolbaselineskip=\skip98
\partial@page=\box56
\last@line=\box57
\maxbalancingoverflow=\dimen160
\mult@rightbox=\box58
\mult@grightbox=\box59
\mult@firstbox=\box60
\mult@gfirstbox=\box61
\@tempa=\box62
\@tempa=\box63
\@tempa=\box64
\@tempa=\box65
\@tempa=\box66
\@tempa=\box67
\@tempa=\box68
\@tempa=\box69
\@tempa=\box70
\@tempa=\box71
\@tempa=\box72
\@tempa=\box73
\@tempa=\box74
\@tempa=\box75
\@tempa=\box76
\@tempa=\box77
\@tempa=\box78
\@tempa=\box79
\@tempa=\box80
\@tempa=\box81
\@tempa=\box82
\@tempa=\box83
\@tempa=\box84
\@tempa=\box85
\@tempa=\box86
\@tempa=\box87
\@tempa=\box88
\@tempa=\box89
\@tempa=\box90
\@tempa=\box91
\@tempa=\box92
\@tempa=\box93
\@tempa=\box94
\@tempa=\box95
\@tempa=\box96
\@tempa=\box97
\c@minrows=\count288
\c@columnbadness=\count289
\c@finalcolumnbadness=\count290
\last@try=\dimen161
\multicolovershoot=\dimen162
\multicolundershoot=\dimen163
\mult@nat@firstbox=\box98
\colbreak@box=\box99
\mc@col@check@num=\count291
)
(/usr/share/texlive/texmf-dist/tex/latex/tools/dcolumn.sty
Package: dcolumn 2014/10/28 v1.06 decimal alignment package (DPC)

(/usr/share/texlive/texmf-dist/tex/latex/tools/array.sty
Package: array 2022/09/04 v2.5g Tabular extension package (FMi)
\col@sep=\dimen164
\ar@mcellbox=\box100
\extrarowheight=\dimen165
\NC@list=\toks25
\extratabsurround=\skip99
\backup@length=\skip100
\ar@cellbox=\box101
))

Package array Warning: Column D is already defined on input line 1915.

) (/usr/share/texlive/texmf-dist/tex/latex/amsmath/amsmath.sty
Package: amsmath 2022/04/08 v2.17n AMS math features
\@mathmargin=\skip101

For additional information on amsmath, use the `?' option.
(/usr/share/texlive/texmf-dist/tex/latex/amsmath/amstext.sty
Package: amstext 2021/08/26 v2.01 AMS text

(/usr/share/texlive/texmf-dist/tex/latex/amsmath/amsgen.sty
File: amsgen.sty 1999/11/30 v2.0 generic functions
\@emptytoks=\toks26
\ex@=\dimen166
)
LaTeX Info: Redefining \text on input line 28.
)
(/usr/share/texlive/texmf-dist/tex/latex/amsmath/amsbsy.sty
Package: amsbsy 1999/11/29 v1.2d Bold Symbols
\pmbraise@=\dimen167
)
(/usr/share/texlive/texmf-dist/tex/latex/amsmath/amsopn.sty
Package: amsopn 2022/04/08 v2.04 operator names
)
\inf@bad=\count292
LaTeX Info: Redefining \frac on input line 234.
\uproot@=\count293
\leftroot@=\count294
LaTeX Info: Redefining \overline on input line 399.
LaTeX Info: Redefining \colon on input line 410.
\classnum@=\count295
\DOTSCASE@=\count296
LaTeX Info: Redefining \ldots on input line 496.
LaTeX Info: Redefining \dots on input line 499.
LaTeX Info: Redefining \cdots on input line 620.
\Mathstrutbox@=\box102
\strutbox@=\box103
LaTeX Info: Redefining \big on input line 722.
LaTeX Info: Redefining \Big on input line 723.
LaTeX Info: Redefining \bigg on input line 724.
LaTeX Info: Redefining \Bigg on input line 725.
\big@size=\dimen168
LaTeX Font Info:    Redeclaring font encoding OML on input line 743.
LaTeX Font Info:    Redeclaring font encoding OMS on input line 744.
\macc@depth=\count297
LaTeX Info: Redefining \bmod on input line 905.
LaTeX Info: Redefining \pmod on input line 910.
LaTeX Info: Redefining \smash on input line 940.
LaTeX Info: Redefining \relbar on input line 970.
LaTeX Info: Redefining \Relbar on input line 971.
\c@MaxMatrixCols=\count298
\dotsspace@=\muskip16
\c@parentequation=\count299
\dspbrk@lvl=\count300
\tag@help=\toks27
\row@=\count301
\column@=\count302
\maxfields@=\count303
\andhelp@=\toks28
\eqnshift@=\dimen169
\alignsep@=\dimen170
\tagshift@=\dimen171
\tagwidth@=\dimen172
\totwidth@=\dimen173
\lineht@=\dimen174
\@envbody=\toks29
\multlinegap=\skip102
\multlinetaggap=\skip103
\mathdisplay@stack=\toks30
LaTeX Info: Redefining \[ on input line 2953.
LaTeX Info: Redefining \] on input line 2954.
)
(/usr/share/texlive/texmf-dist/tex/latex/float/float.sty
Package: float 2001/11/08 v1.3d Float enhancements (AL)
\c@float@type=\count304
\float@exts=\toks31
\float@box=\box104
\@float@everytoks=\toks32
\@floatcapt=\box105
)
(/usr/share/texlive/texmf-dist/tex/latex/units/nicefrac.sty
Package: nicefrac 1998/08/04 v0.9b Nice fractions
\L@UnitsRaiseDisplaystyle=\skip104
\L@UnitsRaiseTextstyle=\skip105
\L@UnitsRaiseScriptstyle=\skip106
)
(/usr/share/texlive/texmf-dist/tex/latex/booktabs/booktabs.sty
Package: booktabs 2020/01/12 v1.61803398 Publication quality tables
\heavyrulewidth=\dimen175
\lightrulewidth=\dimen176
\cmidrulewidth=\dimen177
\belowrulesep=\dimen178
\belowbottomsep=\dimen179
\aboverulesep=\dimen180
\abovetopsep=\dimen181
\cmidrulesep=\dimen182
\cmidrulekern=\dimen183
\defaultaddspace=\dimen184
\@cmidla=\count305
\@cmidlb=\count306
\@aboverulesep=\dimen185
\@belowrulesep=\dimen186
\@thisruleclass=\count307
\@lastruleclass=\count308
\@thisrulewidth=\dimen187
)
(/usr/share/texlive/texmf-dist/tex/latex/multirow/multirow.sty
Package: multirow 2021/03/15 v2.8 Span multiple rows of a table
\multirow@colwidth=\skip107
\multirow@cntb=\count309
\multirow@dima=\skip108
\bigstrutjot=\dimen188
)
(/usr/share/texlive/texmf-dist/tex/latex/caption/subcaption.sty
Package: subcaption 2022/01/07 v1.5 Sub-captions (AR)

(/usr/share/texlive/texmf-dist/tex/latex/caption/caption.sty
Package: caption 2022/03/01 v3.6b Customizing captions (AR)

(/usr/share/texlive/texmf-dist/tex/latex/caption/caption3.sty
Package: caption3 2022/03/17 v2.3b caption3 kernel (AR)
\caption@tempdima=\dimen189
\captionmargin=\dimen190
\caption@leftmargin=\dimen191
\caption@rightmargin=\dimen192
\caption@width=\dimen193
\caption@indent=\dimen194
\caption@parindent=\dimen195
\caption@hangindent=\dimen196
Package caption Info: Unknown document class (or package),
(caption)             standard defaults will be used.
Package caption Info: \@makecaption = \long macro:#1#2->\ifx \FigName \@captype
 \vskip \abovecaptionskip \@makefigurecaption {#1}{#2}\else \@maketablecaption 
{#1}{#2}\vskip \belowcaptionskip \fi  on input line 1176.
)

Package caption Warning: Unknown document class (or package),
(caption)                standard defaults will be used.
See the caption package documentation for explanation.

\c@caption@flags=\count310
\c@continuedfloat=\count311
Package caption Info: float package is loaded.
Package caption Info: rotating package is loaded.
)
\c@subfigure=\count312
\c@subtable=\count313
) (/usr/share/texlive/texmf-dist/tex/latex/url/url.sty
\Urlmuskip=\muskip17
Package: url 2013/09/16  ver 3.4  Verb mode for urls, etc.
)
(/usr/share/texlive/texmf-dist/tex/latex/hyperref/hyperref.sty
Package: hyperref 2022-11-13 v7.00u Hypertext links for LaTeX

(/usr/share/texlive/texmf-dist/tex/generic/ltxcmds/ltxcmds.sty
Package: ltxcmds 2020-05-10 v1.25 LaTeX kernel commands for general use (HO)
)
(/usr/share/texlive/texmf-dist/tex/generic/iftex/iftex.sty
Package: iftex 2022/02/03 v1.0f TeX engine tests
)
(/usr/share/texlive/texmf-dist/tex/generic/pdftexcmds/pdftexcmds.sty
Package: pdftexcmds 2020-06-27 v0.33 Utility functions of pdfTeX for LuaTeX (HO
)

(/usr/share/texlive/texmf-dist/tex/generic/infwarerr/infwarerr.sty
Package: infwarerr 2019/12/03 v1.5 Providing info/warning/error messages (HO)
)
Package pdftexcmds Info: \pdf@primitive is available.
Package pdftexcmds Info: \pdf@ifprimitive is available.
Package pdftexcmds Info: \pdfdraftmode found.
)
(/usr/share/texlive/texmf-dist/tex/latex/kvsetkeys/kvsetkeys.sty
Package: kvsetkeys 2022-10-05 v1.19 Key value parser (HO)
)
(/usr/share/texlive/texmf-dist/tex/generic/kvdefinekeys/kvdefinekeys.sty
Package: kvdefinekeys 2019-12-19 v1.6 Define keys (HO)
)
(/usr/share/texlive/texmf-dist/tex/generic/pdfescape/pdfescape.sty
Package: pdfescape 2019/12/09 v1.15 Implements pdfTeX's escape features (HO)
)
(/usr/share/texlive/texmf-dist/tex/latex/hycolor/hycolor.sty
Package: hycolor 2020-01-27 v1.10 Color options for hyperref/bookmark (HO)
)
(/usr/share/texlive/texmf-dist/tex/latex/letltxmacro/letltxmacro.sty
Package: letltxmacro 2019/12/03 v1.6 Let assignment for LaTeX macros (HO)
)
(/usr/share/texlive/texmf-dist/tex/latex/auxhook/auxhook.sty
Package: auxhook 2019-12-17 v1.6 Hooks for auxiliary files (HO)
)
(/usr/share/texlive/texmf-dist/tex/latex/hyperref/nameref.sty
Package: nameref 2022-05-17 v2.50 Cross-referencing by name of section

(/usr/share/texlive/texmf-dist/tex/latex/refcount/refcount.sty
Package: refcount 2019/12/15 v3.6 Data extraction from label references (HO)
)
(/usr/share/texlive/texmf-dist/tex/generic/gettitlestring/gettitlestring.sty
Package: gettitlestring 2019/12/15 v1.6 Cleanup title references (HO)

(/usr/share/texlive/texmf-dist/tex/latex/kvoptions/kvoptions.sty
Package: kvoptions 2022-06-15 v3.15 Key value format for package options (HO)
))
\c@section@level=\count314
)
\@linkdim=\dimen197
\Hy@linkcounter=\count315
\Hy@pagecounter=\count316

(/usr/share/texlive/texmf-dist/tex/latex/hyperref/pd1enc.def
File: pd1enc.def 2022-11-13 v7.00u Hyperref: PDFDocEncoding definition (HO)
Now handling font encoding PD1 ...
... no UTF-8 mapping file for font encoding PD1
)
(/usr/share/texlive/texmf-dist/tex/generic/intcalc/intcalc.sty
Package: intcalc 2019/12/15 v1.3 Expandable calculations with integers (HO)
)
(/usr/share/texlive/texmf-dist/tex/generic/etexcmds/etexcmds.sty
Package: etexcmds 2019/12/15 v1.7 Avoid name clashes with e-TeX commands (HO)
)
\Hy@SavedSpaceFactor=\count317

(/usr/share/texlive/texmf-dist/tex/latex/hyperref/puenc.def
File: puenc.def 2022-11-13 v7.00u Hyperref: PDF Unicode definition (HO)
Now handling font encoding PU ...
... no UTF-8 mapping file for font encoding PU
)
Package hyperref Info: Hyper figures OFF on input line 4162.
Package hyperref Info: Link nesting OFF on input line 4167.
Package hyperref Info: Hyper index ON on input line 4170.
Package hyperref Info: Plain pages OFF on input line 4177.
Package hyperref Info: Backreferencing OFF on input line 4182.
Package hyperref Info: Implicit mode ON; LaTeX internals redefined.
Package hyperref Info: Bookmarks ON on input line 4410.
\c@Hy@tempcnt=\count318
LaTeX Info: Redefining \url on input line 4748.
\XeTeXLinkMargin=\dimen198

(/usr/share/texlive/texmf-dist/tex/generic/bitset/bitset.sty
Package: bitset 2019/12/09 v1.3 Handle bit-vector datatype (HO)

(/usr/share/texlive/texmf-dist/tex/generic/bigintcalc/bigintcalc.sty
Package: bigintcalc 2019/12/15 v1.5 Expandable calculations on big integers (HO
)
))
\Fld@menulength=\count319
\Field@Width=\dimen199
\Fld@charsize=\dimen256
Package hyperref Info: Hyper figures OFF on input line 6027.
Package hyperref Info: Link nesting OFF on input line 6032.
Package hyperref Info: Hyper index ON on input line 6035.
Package hyperref Info: backreferencing OFF on input line 6042.
Package hyperref Info: Link coloring OFF on input line 6047.
Package hyperref Info: Link coloring with OCG OFF on input line 6052.
Package hyperref Info: PDF/A mode OFF on input line 6057.

(/usr/share/texlive/texmf-dist/tex/latex/base/atbegshi-ltx.sty
Package: atbegshi-ltx 2021/01/10 v1.0c Emulation of the original atbegshi
package with kernel methods
)
\Hy@abspage=\count320
\c@Item=\count321
\c@Hfootnote=\count322
)
Package hyperref Info: Driver (autodetected): hpdftex.

(/usr/share/texlive/texmf-dist/tex/latex/hyperref/hpdftex.def
File: hpdftex.def 2022-11-13 v7.00u Hyperref driver for pdfTeX

(/usr/share/texlive/texmf-dist/tex/latex/base/atveryend-ltx.sty
Package: atveryend-ltx 2020/08/19 v1.0a Emulation of the original atveryend pac
kage
with kernel methods
)
\Fld@listcount=\count323
\c@bookmark@seq@number=\count324

(/usr/share/texlive/texmf-dist/tex/latex/rerunfilecheck/rerunfilecheck.sty
Package: rerunfilecheck 2022-07-10 v1.10 Rerun checks for auxiliary files (HO)

(/usr/share/texlive/texmf-dist/tex/generic/uniquecounter/uniquecounter.sty
Package: uniquecounter 2019/12/15 v1.4 Provide unlimited unique counter (HO)
)
Package uniquecounter Info: New unique counter `rerunfilecheck' on input line 2
85.
)
\Hy@SectionHShift=\skip109
)
(/usr/share/texlive/texmf-dist/tex/latex/xcolor/xcolor.sty
Package: xcolor 2022/06/12 v2.14 LaTeX color extensions (UK)

(/usr/share/texlive/texmf-dist/tex/latex/graphics-cfg/color.cfg
File: color.cfg 2016/01/02 v1.6 sample color configuration
)
Package xcolor Info: Driver file: pdftex.def on input line 227.

(/usr/share/texlive/texmf-dist/tex/latex/colortbl/colortbl.sty
Package: colortbl 2022/06/20 v1.0f Color table columns (DPC)
\everycr=\toks33
\minrowclearance=\skip110
\rownum=\count325
)
(/usr/share/texlive/texmf-dist/tex/latex/graphics/mathcolor.ltx)
Package xcolor Info: Model `cmy' substituted by `cmy0' on input line 1353.
Package xcolor Info: Model `hsb' substituted by `rgb' on input line 1357.
Package xcolor Info: Model `RGB' extended on input line 1369.
Package xcolor Info: Model `HTML' substituted by `rgb' on input line 1371.
Package xcolor Info: Model `Hsb' substituted by `hsb' on input line 1372.
Package xcolor Info: Model `tHsb' substituted by `hsb' on input line 1373.
Package xcolor Info: Model `HSB' substituted by `hsb' on input line 1374.
Package xcolor Info: Model `Gray' substituted by `gray' on input line 1375.
Package xcolor Info: Model `wave' substituted by `hsb' on input line 1376.
)
Package hyperref Info: Option `colorlinks' set `true' on input line 20.
LaTeX Font Info:    Trying to load font information for T1+ppl on input line 27
.

(/usr/share/texlive/texmf-dist/tex/latex/psnfss/t1ppl.fd
File: t1ppl.fd 2001/06/04 font definitions for T1/ppl.
)
(/usr/share/texlive/texmf-dist/tex/latex/l3backend/l3backend-pdftex.def
File: l3backend-pdftex.def 2023-01-16 L3 backend support: PDF output (pdfTeX)
\l__color_backend_stack_int=\count326
\l__pdf_internal_box=\box106
)
(./bayesBiasCL.aux)
\openout1 = `bayesBiasCL.aux'.

LaTeX Font Info:    Checking defaults for OML/cmm/m/it on input line 27.
LaTeX Font Info:    ... okay on input line 27.
LaTeX Font Info:    Checking defaults for OMS/cmsy/m/n on input line 27.
LaTeX Font Info:    ... okay on input line 27.
LaTeX Font Info:    Checking defaults for OT1/cmr/m/n on input line 27.
LaTeX Font Info:    ... okay on input line 27.
LaTeX Font Info:    Checking defaults for T1/cmr/m/n on input line 27.
LaTeX Font Info:    ... okay on input line 27.
LaTeX Font Info:    Checking defaults for TS1/cmr/m/n on input line 27.
LaTeX Font Info:    ... okay on input line 27.
LaTeX Font Info:    Checking defaults for OMX/cmex/m/n on input line 27.
LaTeX Font Info:    ... okay on input line 27.
LaTeX Font Info:    Checking defaults for U/cmr/m/n on input line 27.
LaTeX Font Info:    ... okay on input line 27.
LaTeX Font Info:    Checking defaults for PD1/pdf/m/n on input line 27.
LaTeX Font Info:    ... okay on input line 27.
LaTeX Font Info:    Checking defaults for PU/pdf/m/n on input line 27.
LaTeX Font Info:    ... okay on input line 27.

(/usr/share/texlive/texmf-dist/tex/context/base/mkii/supp-pdf.mkii
[Loading MPS to PDF converter (version 2006.09.02).]
\scratchcounter=\count327
\scratchdimen=\dimen257
\scratchbox=\box107
\nofMPsegments=\count328
\nofMParguments=\count329
\everyMPshowfont=\toks34
\MPscratchCnt=\count330
\MPscratchDim=\dimen258
\MPnumerator=\count331
\makeMPintoPDFobject=\count332
\everyMPtoPDFconversion=\toks35
) (/usr/share/texlive/texmf-dist/tex/latex/epstopdf-pkg/epstopdf-base.sty
Package: epstopdf-base 2020-01-24 v2.11 Base part for package epstopdf
Package epstopdf-base Info: Redefining graphics rule for `.eps' on input line 4
85.

(/usr/share/texlive/texmf-dist/tex/latex/latexconfig/epstopdf-sys.cfg
File: epstopdf-sys.cfg 2010/07/13 v1.3 Configuration of (r)epstopdf for TeX Liv
e
))
\symitgreek=\mathgroup6
LaTeX Font Info:    Overwriting symbol font `itgreek' in version `normal'
(Font)                  OML/zplmr7m/m/n --> OML/pns/m/n on input line 27.
Package caption Info: Begin \AtBeginDocument code.
Package caption Info: hyperref package is loaded.
Package caption Info: End \AtBeginDocument code.


Package hyperref Warning: Height of page (\paperheight) is invalid (0.0pt),
(hyperref)                using 11in.

Package hyperref Info: Link coloring ON on input line 27.
(./bayesBiasCL.out) (./bayesBiasCL.out)
\@outlinefile=\write3
\openout3 = `bayesBiasCL.out'.

LaTeX Font Info:    Trying to load font information for U+msa on input line 58.


(/usr/share/texlive/texmf-dist/tex/latex/amsfonts/umsa.fd
File: umsa.fd 2013/01/14 v3.01 AMS symbols A
)
LaTeX Font Info:    Trying to load font information for U+msb on input line 58.


(/usr/share/texlive/texmf-dist/tex/latex/amsfonts/umsb.fd
File: umsb.fd 2013/01/14 v3.01 AMS symbols B
)
LaTeX Font Info:    Trying to load font information for T1+pcr on input line 80
.

(/usr/share/texlive/texmf-dist/tex/latex/psnfss/t1pcr.fd
File: t1pcr.fd 2001/06/04 font definitions for T1/pcr.
)
Underfull \vbox (badness 10000) has occurred while \output is active []


Underfull \vbox (badness 10000) has occurred while \output is active []


Underfull \vbox (badness 10000) has occurred while \output is active []


Overfull \vbox (42.0pt too high) has occurred while \output is active []


Overfull \vbox (42.0pt too high) has occurred while \output is active []


Overfull \vbox (722.7pt too high) has occurred while \output is active []


Overfull \vbox (37.5pt too high) has occurred while \output is active []


Underfull \vbox (badness 10000) has occurred while \output is active []


Overfull \vbox (659.52pt too high) has occurred while \output is active []

LaTeX Font Info:    Trying to load font information for TS1+ppl on input line 1
16.

(/usr/share/texlive/texmf-dist/tex/latex/psnfss/ts1ppl.fd
File: ts1ppl.fd 2001/06/04 font definitions for TS1/ppl.
) [1

{/var/lib/texmf/fonts/map/pdftex/updmap/pdftex.map}]
LaTeX Font Info:    Trying to load font information for T1+phv on input line 12
2.

(/usr/share/texlive/texmf-dist/tex/latex/psnfss/t1phv.fd
File: t1phv.fd 2020/03/25 scalable font definitions for T1/phv.
)
Underfull \vbox (badness 10000) has occurred while \output is active []


Underfull \vbox (badness 10000) has occurred while \output is active []


Underfull \vbox (badness 10000) has occurred while \output is active []


Overfull \vbox (42.0pt too high) has occurred while \output is active []


Overfull \vbox (42.0pt too high) has occurred while \output is active []


Overfull \vbox (722.7pt too high) has occurred while \output is active []


Overfull \vbox (37.5pt too high) has occurred while \output is active []


Underfull \vbox (badness 10000) has occurred while \output is active []


Overfull \vbox (659.52pt too high) has occurred while \output is active []


[2]
Underfull \vbox (badness 10000) has occurred while \output is active []


Underfull \vbox (badness 10000) has occurred while \output is active []


Underfull \vbox (badness 10000) has occurred while \output is active []


Overfull \vbox (42.0pt too high) has occurred while \output is active []


Overfull \vbox (42.0pt too high) has occurred while \output is active []


Overfull \vbox (722.7pt too high) has occurred while \output is active []


Overfull \vbox (37.5pt too high) has occurred while \output is active []


Underfull \vbox (badness 10000) has occurred while \output is active []


Overfull \vbox (659.52pt too high) has occurred while \output is active []


[3]
<figures/WEATexample5.pdf, id=213, 411.5375pt x 309.155pt>
File: figures/WEATexample5.pdf Graphic file (type pdf)
<use figures/WEATexample5.pdf>
Package pdftex.def Info: figures/WEATexample5.pdf  used on input line 326.
(pdftex.def)             Requested size: 211.20117pt x 158.6576pt.

Underfull \vbox (badness 1490) has occurred while \output is active []


Underfull \vbox (badness 10000) has occurred while \output is active []


Underfull \vbox (badness 10000) has occurred while \output is active []


Underfull \vbox (badness 10000) has occurred while \output is active []


Overfull \vbox (42.0pt too high) has occurred while \output is active []


Overfull \vbox (42.0pt too high) has occurred while \output is active []


Overfull \vbox (722.7pt too high) has occurred while \output is active []


Overfull \vbox (37.5pt too high) has occurred while \output is active []


Underfull \vbox (badness 10000) has occurred while \output is active []


Overfull \vbox (659.52pt too high) has occurred while \output is active []


[4]
Underfull \vbox (badness 10000) has occurred while \output is active []


Underfull \vbox (badness 10000) has occurred while \output is active []


Underfull \vbox (badness 10000) has occurred while \output is active []


Underfull \vbox (badness 10000) has occurred while \output is active []


Overfull \vbox (42.0pt too high) has occurred while \output is active []


Overfull \vbox (42.0pt too high) has occurred while \output is active []


Overfull \vbox (722.7pt too high) has occurred while \output is active []


Overfull \vbox (37.5pt too high) has occurred while \output is active []


Underfull \vbox (badness 10000) has occurred while \output is active []


Overfull \vbox (659.52pt too high) has occurred while \output is active []


[5 <./figures/WEATexample5.pdf>]
<figures/MACexample.pdf, id=251, 416.55624pt x 312.16624pt>
File: figures/MACexample.pdf Graphic file (type pdf)
<use figures/MACexample.pdf>
Package pdftex.def Info: figures/MACexample.pdf  used on input line 400.
(pdftex.def)             Requested size: 192.0pt x 143.884pt.

Underfull \vbox (badness 10000) has occurred while \output is active []


Underfull \vbox (badness 10000) has occurred while \output is active []


Underfull \vbox (badness 10000) has occurred while \output is active []


Overfull \vbox (42.0pt too high) has occurred while \output is active []


Overfull \vbox (42.0pt too high) has occurred while \output is active []


Overfull \vbox (722.7pt too high) has occurred while \output is active []


Overfull \vbox (37.5pt too high) has occurred while \output is active []


Underfull \vbox (badness 10000) has occurred while \output is active []


Overfull \vbox (659.52pt too high) has occurred while \output is active []


[6]
Underfull \vbox (badness 10000) has occurred while \output is active []


Underfull \vbox (badness 10000) has occurred while \output is active []


Underfull \vbox (badness 10000) has occurred while \output is active []


Overfull \vbox (42.0pt too high) has occurred while \output is active []


Overfull \vbox (42.0pt too high) has occurred while \output is active []


Overfull \vbox (722.7pt too high) has occurred while \output is active []


Overfull \vbox (37.5pt too high) has occurred while \output is active []


Underfull \vbox (badness 10000) has occurred while \output is active []


Overfull \vbox (659.52pt too high) has occurred while \output is active []


[7 <./figures/MACexample.pdf>]
<figures/figcosineDistributions8d.pdf, id=288, 440.64626pt x 313.17pt>
File: figures/figcosineDistributions8d.pdf Graphic file (type pdf)
<use figures/figcosineDistributions8d.pdf>
Package pdftex.def Info: figures/figcosineDistributions8d.pdf  used on input li
ne 532.
(pdftex.def)             Requested size: 268.79883pt x 191.04297pt.
<figures/figcosineDistributions8df.pdf, id=289, 454.69875pt x 313.17pt>
File: figures/figcosineDistributions8df.pdf Graphic file (type pdf)
<use figures/figcosineDistributions8df.pdf>
Package pdftex.def Info: figures/figcosineDistributions8df.pdf  used on input l
ine 541.
(pdftex.def)             Requested size: 268.79883pt x 185.13664pt.
<figures/figcosineDistributions8dg.pdf, id=290, 458.71375pt x 313.17pt>
File: figures/figcosineDistributions8dg.pdf Graphic file (type pdf)
<use figures/figcosineDistributions8dg.pdf>
Package pdftex.def Info: figures/figcosineDistributions8dg.pdf  used on input l
ine 550.
(pdftex.def)             Requested size: 268.79883pt x 183.52147pt.

Underfull \vbox (badness 10000) has occurred while \output is active []


Underfull \vbox (badness 10000) has occurred while \output is active []


Underfull \vbox (badness 10000) has occurred while \output is active []


Overfull \vbox (42.0pt too high) has occurred while \output is active []


Overfull \vbox (42.0pt too high) has occurred while \output is active []


Overfull \vbox (722.7pt too high) has occurred while \output is active []


Overfull \vbox (37.5pt too high) has occurred while \output is active []


Underfull \vbox (badness 10000) has occurred while \output is active []


Overfull \vbox (659.52pt too high) has occurred while \output is active []


[8]
Underfull \vbox (badness 10000) has occurred while \output is active []


Underfull \vbox (badness 10000) has occurred while \output is active []


Underfull \vbox (badness 10000) has occurred while \output is active []


Overfull \vbox (42.0pt too high) has occurred while \output is active []


Overfull \vbox (42.0pt too high) has occurred while \output is active []


Overfull \vbox (722.7pt too high) has occurred while \output is active []


Overfull \vbox (37.5pt too high) has occurred while \output is active []


Underfull \vbox (badness 10000) has occurred while \output is active []


Overfull \vbox (659.52pt too high) has occurred while \output is active []


[9 <./figures/figcosineDistributions8d.pdf> <./figures/figcosineDistributions8d
f.pdf>]
<figures/visMuslimd.pdf, id=333, 339.2675pt x 284.06125pt>
File: figures/visMuslimd.pdf Graphic file (type pdf)
<use figures/visMuslimd.pdf>
Package pdftex.def Info: figures/visMuslimd.pdf  used on input line 607.
(pdftex.def)             Requested size: 345.59766pt x 289.37453pt.
<figures/visPriestd.pdf, id=334, 339.2675pt x 287.0725pt>
File: figures/visPriestd.pdf Graphic file (type pdf)
<use figures/visPriestd.pdf>
Package pdftex.def Info: figures/visPriestd.pdf  used on input line 614.
(pdftex.def)             Requested size: 345.59766pt x 292.44212pt.

Underfull \vbox (badness 10000) has occurred while \output is active []


Underfull \vbox (badness 10000) has occurred while \output is active []


Underfull \vbox (badness 10000) has occurred while \output is active []


Underfull \vbox (badness 10000) has occurred while \output is active []


Overfull \vbox (42.0pt too high) has occurred while \output is active []


Overfull \vbox (42.0pt too high) has occurred while \output is active []


Overfull \vbox (722.7pt too high) has occurred while \output is active []


Overfull \vbox (37.5pt too high) has occurred while \output is active []


Underfull \vbox (badness 10000) has occurred while \output is active []


Overfull \vbox (659.52pt too high) has occurred while \output is active []


[10 <./figures/figcosineDistributions8dg.pdf>]
Underfull \vbox (badness 1540) has occurred while \output is active []


Underfull \vbox (badness 10000) has occurred while \output is active []


Underfull \vbox (badness 10000) has occurred while \output is active []


Underfull \vbox (badness 10000) has occurred while \output is active []


Overfull \vbox (42.0pt too high) has occurred while \output is active []


Overfull \vbox (42.0pt too high) has occurred while \output is active []


Overfull \vbox (722.7pt too high) has occurred while \output is active []


Overfull \vbox (37.5pt too high) has occurred while \output is active []


Underfull \vbox (badness 10000) has occurred while \output is active []


Overfull \vbox (659.52pt too high) has occurred while \output is active []


[11 <./figures/visMuslimd.pdf>]
<figures/figcaliskanCalcB2D.pdf, id=386, 442.65375pt x 314.17375pt>
File: figures/figcaliskanCalcB2D.pdf Graphic file (type pdf)
<use figures/figcaliskanCalcB2D.pdf>
Package pdftex.def Info: figures/figcaliskanCalcB2D.pdf  used on input line 701
.
(pdftex.def)             Requested size: 307.20117pt x 218.0457pt.
<figures/figcaliskanDistC2K.pdf, id=388, 446.66875pt x 314.17375pt>
File: figures/figcaliskanDistC2K.pdf Graphic file (type pdf)
<use figures/figcaliskanDistC2K.pdf>
Package pdftex.def Info: figures/figcaliskanDistC2K.pdf  used on input line 714
.
(pdftex.def)             Requested size: 307.20117pt x 216.0802pt.

Underfull \vbox (badness 10000) has occurred while \output is active []


Underfull \vbox (badness 10000) has occurred while \output is active []


Underfull \vbox (badness 10000) has occurred while \output is active []


Overfull \vbox (42.0pt too high) has occurred while \output is active []


Overfull \vbox (42.0pt too high) has occurred while \output is active []


Overfull \vbox (722.7pt too high) has occurred while \output is active []


Overfull \vbox (37.5pt too high) has occurred while \output is active []


Underfull \vbox (badness 10000) has occurred while \output is active []


Overfull \vbox (659.52pt too high) has occurred while \output is active []


[12 <./figures/visPriestd.pdf>]
Underfull \vbox (badness 10000) has occurred while \output is active []


Underfull \vbox (badness 10000) has occurred while \output is active []


Underfull \vbox (badness 10000) has occurred while \output is active []


Overfull \vbox (42.0pt too high) has occurred while \output is active []


Overfull \vbox (42.0pt too high) has occurred while \output is active []


Overfull \vbox (722.7pt too high) has occurred while \output is active []


Overfull \vbox (37.5pt too high) has occurred while \output is active []


Underfull \vbox (badness 10000) has occurred while \output is active []


Overfull \vbox (659.52pt too high) has occurred while \output is active []


[13 <./figures/figcaliskanCalcB2D.pdf> <./figures/figcaliskanDistC2K.pdf>]
<figures/figourDistancesPlot2f.pdf, id=437, 459.7175pt x 310.15875pt>
File: figures/figourDistancesPlot2f.pdf Graphic file (type pdf)
<use figures/figourDistancesPlot2f.pdf>
Package pdftex.def Info: figures/figourDistancesPlot2f.pdf  used on input line 
771.
(pdftex.def)             Requested size: 307.20117pt x 207.2705pt.

Underfull \vbox (badness 10000) has occurred while \output is active []


Underfull \vbox (badness 10000) has occurred while \output is active []


Underfull \vbox (badness 10000) has occurred while \output is active []


Underfull \vbox (badness 10000) has occurred while \output is active []


Overfull \vbox (42.0pt too high) has occurred while \output is active []


Overfull \vbox (42.0pt too high) has occurred while \output is active []


Overfull \vbox (722.7pt too high) has occurred while \output is active []


Overfull \vbox (37.5pt too high) has occurred while \output is active []


Underfull \vbox (badness 10000) has occurred while \output is active []


Overfull \vbox (659.52pt too high) has occurred while \output is active []


[14]
Underfull \vbox (badness 10000) has occurred while \output is active []


Underfull \vbox (badness 10000) has occurred while \output is active []


Underfull \vbox (badness 10000) has occurred while \output is active []


Overfull \vbox (42.0pt too high) has occurred while \output is active []


Overfull \vbox (42.0pt too high) has occurred while \output is active []


Overfull \vbox (722.7pt too high) has occurred while \output is active []


Overfull \vbox (37.5pt too high) has occurred while \output is active []


Underfull \vbox (badness 10000) has occurred while \output is active []


Overfull \vbox (659.52pt too high) has occurred while \output is active []


[15 <./figures/figourDistancesPlot2f.pdf>]
<figures/dagVis.pdf, id=479, 429.605pt x 291.0875pt>
File: figures/dagVis.pdf Graphic file (type pdf)
<use figures/dagVis.pdf>
Package pdftex.def Info: figures/dagVis.pdf  used on input line 953.
(pdftex.def)             Requested size: 307.20117pt x 208.15262pt.

Underfull \vbox (badness 10000) has occurred while \output is active []


Underfull \vbox (badness 10000) has occurred while \output is active []


Underfull \vbox (badness 10000) has occurred while \output is active []


Overfull \vbox (42.0pt too high) has occurred while \output is active []


Overfull \vbox (42.0pt too high) has occurred while \output is active []


Overfull \vbox (722.7pt too high) has occurred while \output is active []


Overfull \vbox (37.5pt too high) has occurred while \output is active []


Underfull \vbox (badness 10000) has occurred while \output is active []


Overfull \vbox (659.52pt too high) has occurred while \output is active []


[16]
Underfull \vbox (badness 10000) has occurred while \output is active []


Underfull \vbox (badness 10000) has occurred while \output is active []


Underfull \vbox (badness 10000) has occurred while \output is active []


Overfull \vbox (42.0pt too high) has occurred while \output is active []


Overfull \vbox (42.0pt too high) has occurred while \output is active []


Overfull \vbox (722.7pt too high) has occurred while \output is active []


Overfull \vbox (37.5pt too high) has occurred while \output is active []


Underfull \vbox (badness 10000) has occurred while \output is active []


Overfull \vbox (659.52pt too high) has occurred while \output is active []


[17 <./figures/dagVis.pdf>]
<figures/figposteriorPrCheckA6b.pdf, id=508, 447.6725pt x 416.55624pt>
File: figures/figposteriorPrCheckA6b.pdf Graphic file (type pdf)
<use figures/figposteriorPrCheckA6b.pdf>
Package pdftex.def Info: figures/figposteriorPrCheckA6b.pdf  used on input line
 1034.
(pdftex.def)             Requested size: 307.20117pt x 285.85414pt.

Underfull \vbox (badness 10000) has occurred while \output is active []


Underfull \vbox (badness 10000) has occurred while \output is active []


Underfull \vbox (badness 10000) has occurred while \output is active []


Overfull \vbox (42.0pt too high) has occurred while \output is active []


Overfull \vbox (42.0pt too high) has occurred while \output is active []


Overfull \vbox (722.7pt too high) has occurred while \output is active []


Overfull \vbox (37.5pt too high) has occurred while \output is active []


Underfull \vbox (badness 10000) has occurred while \output is active []


Overfull \vbox (659.52pt too high) has occurred while \output is active []


[18]
Underfull \vbox (badness 10000) has occurred while \output is active []


Underfull \vbox (badness 10000) has occurred while \output is active []


Underfull \vbox (badness 10000) has occurred while \output is active []


Underfull \vbox (badness 10000) has occurred while \output is active []


Overfull \vbox (42.0pt too high) has occurred while \output is active []


Overfull \vbox (42.0pt too high) has occurred while \output is active []


Overfull \vbox (722.7pt too high) has occurred while \output is active []


Overfull \vbox (37.5pt too high) has occurred while \output is active []


Underfull \vbox (badness 10000) has occurred while \output is active []


Overfull \vbox (659.52pt too high) has occurred while \output is active []


[19 <./figures/figposteriorPrCheckA6b.pdf>]
Underfull \vbox (badness 10000) has occurred while \output is active []


Underfull \vbox (badness 10000) has occurred while \output is active []


Underfull \vbox (badness 10000) has occurred while \output is active []


Overfull \vbox (42.0pt too high) has occurred while \output is active []


Overfull \vbox (42.0pt too high) has occurred while \output is active []


Overfull \vbox (722.7pt too high) has occurred while \output is active []


Overfull \vbox (37.5pt too high) has occurred while \output is active []


Underfull \vbox (badness 10000) has occurred while \output is active []


Overfull \vbox (659.52pt too high) has occurred while \output is active []


[20]
<figures/figdebiasedCosinePair2e.pdf, id=547, 338.26375pt x 580.1675pt>
File: figures/figdebiasedCosinePair2e.pdf Graphic file (type pdf)
<use figures/figdebiasedCosinePair2e.pdf>
Package pdftex.def Info: figures/figdebiasedCosinePair2e.pdf  used on input lin
e 1204.
(pdftex.def)             Requested size: 338.26291pt x 580.16606pt.


LaTeX Warning: Float too large for page by 21.84605pt on input line 1207.

<figures/figdebiasedCosinePair2_e.pdf, id=548, 331.2375pt x 580.1675pt>
File: figures/figdebiasedCosinePair2_e.pdf Graphic file (type pdf)
<use figures/figdebiasedCosinePair2_e.pdf>
Package pdftex.def Info: figures/figdebiasedCosinePair2_e.pdf  used on input li
ne 1211.
(pdftex.def)             Requested size: 331.23668pt x 580.16606pt.

LaTeX Warning: Float too large for page by 9.84605pt on input line 1214.

<figures/figdebiasedCosine21c.pdf, id=551, 465.74pt x 423.5825pt>
File: figures/figdebiasedCosine21c.pdf Graphic file (type pdf)
<use figures/figdebiasedCosine21c.pdf>
Package pdftex.def Info: figures/figdebiasedCosine21c.pdf  used on input line 1
239.
(pdftex.def)             Requested size: 364.79883pt x 331.78911pt.
<figures/figdebiasedCosine22c.pdf, id=552, 467.7475pt x 423.5825pt>
File: figures/figdebiasedCosine22c.pdf Graphic file (type pdf)
<use figures/figdebiasedCosine22c.pdf>
Package pdftex.def Info: figures/figdebiasedCosine22c.pdf  used on input line 1
246.
(pdftex.def)             Requested size: 364.79883pt x 330.37363pt.
<figures/figdebiasedCosine23c.pdf, id=553, 457.71pt x 423.5825pt>
File: figures/figdebiasedCosine23c.pdf Graphic file (type pdf)
<use figures/figdebiasedCosine23c.pdf>
Package pdftex.def Info: figures/figdebiasedCosine23c.pdf  used on input line 1
253.
(pdftex.def)             Requested size: 364.79883pt x 337.61256pt.

Underfull \vbox (badness 10000) has occurred while \output is active []


Underfull \vbox (badness 10000) has occurred while \output is active []


Underfull \vbox (badness 10000) has occurred while \output is active []


Overfull \vbox (42.0pt too high) has occurred while \output is active []


Overfull \vbox (42.0pt too high) has occurred while \output is active []


Overfull \vbox (722.7pt too high) has occurred while \output is active []


Overfull \vbox (37.5pt too high) has occurred while \output is active []


Underfull \vbox (badness 10000) has occurred while \output is active []


Overfull \vbox (659.52pt too high) has occurred while \output is active []


[21]
Underfull \vbox (badness 10000) has occurred while \output is active []


Underfull \vbox (badness 10000) has occurred while \output is active []


Underfull \vbox (badness 10000) has occurred while \output is active []


Overfull \vbox (42.0pt too high) has occurred while \output is active []


Overfull \vbox (42.0pt too high) has occurred while \output is active []


Overfull \vbox (722.7pt too high) has occurred while \output is active []


Overfull \vbox (37.5pt too high) has occurred while \output is active []


Underfull \vbox (badness 10000) has occurred while \output is active []


Overfull \vbox (659.52pt too high) has occurred while \output is active []


[22 <./figures/figdebiasedCosinePair2e.pdf>]
Underfull \vbox (badness 10000) has occurred while \output is active []


Underfull \vbox (badness 10000) has occurred while \output is active []


Underfull \vbox (badness 10000) has occurred while \output is active []


Overfull \vbox (42.0pt too high) has occurred while \output is active []


Overfull \vbox (42.0pt too high) has occurred while \output is active []


Overfull \vbox (722.7pt too high) has occurred while \output is active []


Overfull \vbox (37.5pt too high) has occurred while \output is active []


Underfull \vbox (badness 10000) has occurred while \output is active []


Overfull \vbox (659.52pt too high) has occurred while \output is active []


[23 <./figures/figdebiasedCosinePair2_e.pdf>]
Underfull \vbox (badness 10000) has occurred while \output is active []


Underfull \vbox (badness 10000) has occurred while \output is active []


Underfull \vbox (badness 10000) has occurred while \output is active []


Underfull \vbox (badness 10000) has occurred while \output is active []


Overfull \vbox (42.0pt too high) has occurred while \output is active []


Overfull \vbox (42.0pt too high) has occurred while \output is active []


Overfull \vbox (722.7pt too high) has occurred while \output is active []


Overfull \vbox (37.5pt too high) has occurred while \output is active []


Underfull \vbox (badness 10000) has occurred while \output is active []


Overfull \vbox (659.52pt too high) has occurred while \output is active []


[24 <./figures/figdebiasedCosine21c.pdf>]
Underfull \vbox (badness 10000) has occurred while \output is active []


Underfull \vbox (badness 10000) has occurred while \output is active []


Underfull \vbox (badness 10000) has occurred while \output is active []


Underfull \vbox (badness 10000) has occurred while \output is active []


Overfull \vbox (42.0pt too high) has occurred while \output is active []


Overfull \vbox (42.0pt too high) has occurred while \output is active []


Overfull \vbox (722.7pt too high) has occurred while \output is active []


Overfull \vbox (37.5pt too high) has occurred while \output is active []


Underfull \vbox (badness 10000) has occurred while \output is active []


Overfull \vbox (659.52pt too high) has occurred while \output is active []


[25 <./figures/figdebiasedCosine22c.pdf>]
Underfull \vbox (badness 10000) has occurred while \output is active []


Underfull \vbox (badness 10000) has occurred while \output is active []


Underfull \vbox (badness 10000) has occurred while \output is active []


Underfull \vbox (badness 10000) has occurred while \output is active []


Overfull \vbox (42.0pt too high) has occurred while \output is active []


Overfull \vbox (42.0pt too high) has occurred while \output is active []


Overfull \vbox (722.7pt too high) has occurred while \output is active []


Overfull \vbox (37.5pt too high) has occurred while \output is active []


Underfull \vbox (badness 10000) has occurred while \output is active []


Overfull \vbox (659.52pt too high) has occurred while \output is active []


[26 <./figures/figdebiasedCosine23c.pdf>]
Underfull \vbox (badness 10000) has occurred while \output is active []


Underfull \vbox (badness 10000) has occurred while \output is active []


Underfull \vbox (badness 10000) has occurred while \output is active []


Overfull \vbox (42.0pt too high) has occurred while \output is active []


Overfull \vbox (42.0pt too high) has occurred while \output is active []


Overfull \vbox (722.7pt too high) has occurred while \output is active []


Overfull \vbox (37.5pt too high) has occurred while \output is active []


Underfull \vbox (badness 10000) has occurred while \output is active []


Overfull \vbox (659.52pt too high) has occurred while \output is active []


[27]
<figures/weatjoint2z.pdf, id=692, 376.40625pt x 580.1675pt>
File: figures/weatjoint2z.pdf Graphic file (type pdf)
<use figures/weatjoint2z.pdf>
Package pdftex.def Info: figures/weatjoint2z.pdf  used on input line 1440.
(pdftex.def)             Requested size: 376.40532pt x 580.16606pt.

Underfull \vbox (badness 10000) has occurred while \output is active []


Underfull \vbox (badness 10000) has occurred while \output is active []


Underfull \vbox (badness 10000) has occurred while \output is active []


Underfull \vbox (badness 10000) has occurred while \output is active []


Overfull \vbox (42.0pt too high) has occurred while \output is active []


Overfull \vbox (42.0pt too high) has occurred while \output is active []


Overfull \vbox (722.7pt too high) has occurred while \output is active []


Overfull \vbox (37.5pt too high) has occurred while \output is active []


Underfull \vbox (badness 10000) has occurred while \output is active []


Overfull \vbox (659.52pt too high) has occurred while \output is active []


[28]
Underfull \vbox (badness 10000) has occurred while \output is active []


Underfull \vbox (badness 10000) has occurred while \output is active []


Underfull \vbox (badness 10000) has occurred while \output is active []


Underfull \vbox (badness 10000) has occurred while \output is active []


Overfull \vbox (42.0pt too high) has occurred while \output is active []


Overfull \vbox (42.0pt too high) has occurred while \output is active []


Overfull \vbox (722.7pt too high) has occurred while \output is active []


Overfull \vbox (37.5pt too high) has occurred while \output is active []


Underfull \vbox (badness 10000) has occurred while \output is active []


Overfull \vbox (659.52pt too high) has occurred while \output is active []


[29]
Overfull \vbox (5.18594pt too high) has occurred while \output is active []


Underfull \vbox (badness 10000) has occurred while \output is active []


Underfull \vbox (badness 10000) has occurred while \output is active []


Underfull \vbox (badness 10000) has occurred while \output is active []


Overfull \vbox (42.0pt too high) has occurred while \output is active []


Overfull \vbox (42.0pt too high) has occurred while \output is active []


Overfull \vbox (722.7pt too high) has occurred while \output is active []


Overfull \vbox (37.5pt too high) has occurred while \output is active []


Underfull \vbox (badness 10000) has occurred while \output is active []


Overfull \vbox (659.52pt too high) has occurred while \output is active []


[30 <./figures/weatjoint2z.pdf>]
<figures/weat7glovh.pdf, id=720, 375.4025pt x 580.1675pt>
File: figures/weat7glovh.pdf Graphic file (type pdf)
<use figures/weat7glovh.pdf>
Package pdftex.def Info: figures/weat7glovh.pdf  used on input line 1444.
(pdftex.def)             Requested size: 384.0pt x 593.48926pt.
<figures/resultsWeat7Reddita.pdf, id=721, 341.275pt x 580.1675pt>
File: figures/resultsWeat7Reddita.pdf Graphic file (type pdf)
<use figures/resultsWeat7Reddita.pdf>
Package pdftex.def Info: figures/resultsWeat7Reddita.pdf  used on input line 14
46.
(pdftex.def)             Requested size: 384.0pt x 652.84616pt.

Underfull \vbox (badness 10000) has occurred while \output is active []


Underfull \vbox (badness 10000) has occurred while \output is active []


Underfull \vbox (badness 10000) has occurred while \output is active []


Underfull \vbox (badness 10000) has occurred while \output is active []


Overfull \vbox (42.0pt too high) has occurred while \output is active []


Overfull \vbox (42.0pt too high) has occurred while \output is active []


Overfull \vbox (722.7pt too high) has occurred while \output is active []


Overfull \vbox (37.5pt too high) has occurred while \output is active []


Underfull \vbox (badness 10000) has occurred while \output is active []


Overfull \vbox (659.52pt too high) has occurred while \output is active []


[31 <./figures/weat7glovh.pdf>]
Overfull \vbox (57.52615pt too high) has occurred while \output is active []


Underfull \vbox (badness 10000) has occurred while \output is active []


Underfull \vbox (badness 10000) has occurred while \output is active []


Underfull \vbox (badness 10000) has occurred while \output is active []


Overfull \vbox (42.0pt too high) has occurred while \output is active []


Overfull \vbox (42.0pt too high) has occurred while \output is active []


Overfull \vbox (722.7pt too high) has occurred while \output is active []


Overfull \vbox (37.5pt too high) has occurred while \output is active []


Underfull \vbox (badness 10000) has occurred while \output is active []


Overfull \vbox (659.52pt too high) has occurred while \output is active []


[32 <./figures/resultsWeat7Reddita.pdf>]
<figures/resultsWeat1Googlea.pdf, id=751, 376.40625pt x 580.1675pt>
File: figures/resultsWeat1Googlea.pdf Graphic file (type pdf)
<use figures/resultsWeat1Googlea.pdf>
Package pdftex.def Info: figures/resultsWeat1Googlea.pdf  used on input line 14
48.
(pdftex.def)             Requested size: 384.0pt x 591.9135pt.
<figures/resultsWeat1Glovea.pdf, id=752, 374.39874pt x 580.1675pt>
File: figures/resultsWeat1Glovea.pdf Graphic file (type pdf)
<use figures/resultsWeat1Glovea.pdf>
Package pdftex.def Info: figures/resultsWeat1Glovea.pdf  used on input line 145
0.
(pdftex.def)             Requested size: 384.0pt x 595.07388pt.

Underfull \vbox (badness 10000) has occurred while \output is active []


Underfull \vbox (badness 10000) has occurred while \output is active []


Underfull \vbox (badness 10000) has occurred while \output is active []


Underfull \vbox (badness 10000) has occurred while \output is active []


Overfull \vbox (42.0pt too high) has occurred while \output is active []


Overfull \vbox (42.0pt too high) has occurred while \output is active []


Overfull \vbox (722.7pt too high) has occurred while \output is active []


Overfull \vbox (37.5pt too high) has occurred while \output is active []


Underfull \vbox (badness 10000) has occurred while \output is active []


Overfull \vbox (659.52pt too high) has occurred while \output is active []


[33 <./figures/resultsWeat1Googlea.pdf>]
<figures/resultsWeat1Reddita.pdf, id=767, 336.25626pt x 580.1675pt>
File: figures/resultsWeat1Reddita.pdf Graphic file (type pdf)
<use figures/resultsWeat1Reddita.pdf>
Package pdftex.def Info: figures/resultsWeat1Reddita.pdf  used on input line 14
52.
(pdftex.def)             Requested size: 384.0pt x 662.54865pt.

Underfull \vbox (badness 10000) has occurred while \output is active []


Underfull \vbox (badness 10000) has occurred while \output is active []


Underfull \vbox (badness 10000) has occurred while \output is active []


Underfull \vbox (badness 10000) has occurred while \output is active []


Overfull \vbox (42.0pt too high) has occurred while \output is active []


Overfull \vbox (42.0pt too high) has occurred while \output is active []


Overfull \vbox (722.7pt too high) has occurred while \output is active []


Overfull \vbox (37.5pt too high) has occurred while \output is active []


Underfull \vbox (badness 10000) has occurred while \output is active []


Overfull \vbox (659.52pt too high) has occurred while \output is active []


[34 <./figures/resultsWeat1Glovea.pdf>]
Overfull \vbox (67.22864pt too high) has occurred while \output is active []


Underfull \vbox (badness 10000) has occurred while \output is active []


Underfull \vbox (badness 10000) has occurred while \output is active []


Underfull \vbox (badness 10000) has occurred while \output is active []


Overfull \vbox (42.0pt too high) has occurred while \output is active []


Overfull \vbox (42.0pt too high) has occurred while \output is active []


Overfull \vbox (722.7pt too high) has occurred while \output is active []


Overfull \vbox (37.5pt too high) has occurred while \output is active []


Underfull \vbox (badness 10000) has occurred while \output is active []


Overfull \vbox (659.52pt too high) has occurred while \output is active []


[35 <./figures/resultsWeat1Reddita.pdf>]
<figures/resultsReligionGooglea.pdf, id=797, 337.26pt x 580.1675pt>
File: figures/resultsReligionGooglea.pdf Graphic file (type pdf)
<use figures/resultsReligionGooglea.pdf>
Package pdftex.def Info: figures/resultsReligionGooglea.pdf  used on input line
 1454.
(pdftex.def)             Requested size: 384.0pt x 660.58336pt.

Overfull \vbox (65.26335pt too high) has occurred while \output is active []


Underfull \vbox (badness 10000) has occurred while \output is active []


Underfull \vbox (badness 10000) has occurred while \output is active []


Underfull \vbox (badness 10000) has occurred while \output is active []


Overfull \vbox (42.0pt too high) has occurred while \output is active []


Overfull \vbox (42.0pt too high) has occurred while \output is active []


Overfull \vbox (722.7pt too high) has occurred while \output is active []


Overfull \vbox (37.5pt too high) has occurred while \output is active []


Underfull \vbox (badness 10000) has occurred while \output is active []


Overfull \vbox (659.52pt too high) has occurred while \output is active []


[36 <./figures/resultsReligionGooglea.pdf>]
<figures/resultsReligionGlovea.pdf, id=812, 374.39874pt x 580.1675pt>
File: figures/resultsReligionGlovea.pdf Graphic file (type pdf)
<use figures/resultsReligionGlovea.pdf>
Package pdftex.def Info: figures/resultsReligionGlovea.pdf  used on input line 
1456.
(pdftex.def)             Requested size: 384.0pt x 595.07388pt.
<figures/resultsReligionReddita.pdf, id=813, 375.4025pt x 580.1675pt>
File: figures/resultsReligionReddita.pdf Graphic file (type pdf)
<use figures/resultsReligionReddita.pdf>
Package pdftex.def Info: figures/resultsReligionReddita.pdf  used on input line
 1458.
(pdftex.def)             Requested size: 384.0pt x 593.48926pt.

Underfull \vbox (badness 10000) has occurred while \output is active []


Underfull \vbox (badness 10000) has occurred while \output is active []


Underfull \vbox (badness 10000) has occurred while \output is active []


Underfull \vbox (badness 10000) has occurred while \output is active []


Overfull \vbox (42.0pt too high) has occurred while \output is active []


Overfull \vbox (42.0pt too high) has occurred while \output is active []


Overfull \vbox (722.7pt too high) has occurred while \output is active []


Overfull \vbox (37.5pt too high) has occurred while \output is active []


Underfull \vbox (badness 10000) has occurred while \output is active []


Overfull \vbox (659.52pt too high) has occurred while \output is active []


[37 <./figures/resultsReligionGlovea.pdf>]
<figures/resultsRaceGooglea.pdf, id=829, 374.39874pt x 580.1675pt>
File: figures/resultsRaceGooglea.pdf Graphic file (type pdf)
<use figures/resultsRaceGooglea.pdf>
Package pdftex.def Info: figures/resultsRaceGooglea.pdf  used on input line 146
0.
(pdftex.def)             Requested size: 384.0pt x 595.07388pt.

Underfull \vbox (badness 10000) has occurred while \output is active []


Underfull \vbox (badness 10000) has occurred while \output is active []


Underfull \vbox (badness 10000) has occurred while \output is active []


Underfull \vbox (badness 10000) has occurred while \output is active []


Overfull \vbox (42.0pt too high) has occurred while \output is active []


Overfull \vbox (42.0pt too high) has occurred while \output is active []


Overfull \vbox (722.7pt too high) has occurred while \output is active []


Overfull \vbox (37.5pt too high) has occurred while \output is active []


Underfull \vbox (badness 10000) has occurred while \output is active []


Overfull \vbox (659.52pt too high) has occurred while \output is active []


[38 <./figures/resultsReligionReddita.pdf>]
<figures/resultsRaceGlovea.pdf, id=844, 374.39874pt x 580.1675pt>
File: figures/resultsRaceGlovea.pdf Graphic file (type pdf)
<use figures/resultsRaceGlovea.pdf>
Package pdftex.def Info: figures/resultsRaceGlovea.pdf  used on input line 1462
.
(pdftex.def)             Requested size: 384.0pt x 595.07388pt.

Underfull \vbox (badness 10000) has occurred while \output is active []


Underfull \vbox (badness 10000) has occurred while \output is active []


Underfull \vbox (badness 10000) has occurred while \output is active []


Underfull \vbox (badness 10000) has occurred while \output is active []


Overfull \vbox (42.0pt too high) has occurred while \output is active []


Overfull \vbox (42.0pt too high) has occurred while \output is active []


Overfull \vbox (722.7pt too high) has occurred while \output is active []


Overfull \vbox (37.5pt too high) has occurred while \output is active []


Underfull \vbox (badness 10000) has occurred while \output is active []


Overfull \vbox (659.52pt too high) has occurred while \output is active []


[39 <./figures/resultsRaceGooglea.pdf>]
<figures/resultsRaceReddita.pdf, id=859, 374.39874pt x 580.1675pt>
File: figures/resultsRaceReddita.pdf Graphic file (type pdf)
<use figures/resultsRaceReddita.pdf>
Package pdftex.def Info: figures/resultsRaceReddita.pdf  used on input line 146
4.
(pdftex.def)             Requested size: 384.0pt x 595.07388pt.

Underfull \vbox (badness 10000) has occurred while \output is active []


Underfull \vbox (badness 10000) has occurred while \output is active []


Underfull \vbox (badness 10000) has occurred while \output is active []


Underfull \vbox (badness 10000) has occurred while \output is active []


Overfull \vbox (42.0pt too high) has occurred while \output is active []


Overfull \vbox (42.0pt too high) has occurred while \output is active []


Overfull \vbox (722.7pt too high) has occurred while \output is active []


Overfull \vbox (37.5pt too high) has occurred while \output is active []


Underfull \vbox (badness 10000) has occurred while \output is active []


Overfull \vbox (659.52pt too high) has occurred while \output is active []


[40 <./figures/resultsRaceGlovea.pdf>]
<figures/resultsGenderGooglea.pdf, id=874, 341.275pt x 580.1675pt>
File: figures/resultsGenderGooglea.pdf Graphic file (type pdf)
<use figures/resultsGenderGooglea.pdf>
Package pdftex.def Info: figures/resultsGenderGooglea.pdf  used on input line 1
466.
(pdftex.def)             Requested size: 384.0pt x 652.84616pt.

Underfull \vbox (badness 10000) has occurred while \output is active []


Underfull \vbox (badness 10000) has occurred while \output is active []


Underfull \vbox (badness 10000) has occurred while \output is active []


Underfull \vbox (badness 10000) has occurred while \output is active []


Overfull \vbox (42.0pt too high) has occurred while \output is active []


Overfull \vbox (42.0pt too high) has occurred while \output is active []


Overfull \vbox (722.7pt too high) has occurred while \output is active []


Overfull \vbox (37.5pt too high) has occurred while \output is active []


Underfull \vbox (badness 10000) has occurred while \output is active []


Overfull \vbox (659.52pt too high) has occurred while \output is active []


[41 <./figures/resultsRaceReddita.pdf>]
Overfull \vbox (57.52615pt too high) has occurred while \output is active []


Underfull \vbox (badness 10000) has occurred while \output is active []


Underfull \vbox (badness 10000) has occurred while \output is active []


Underfull \vbox (badness 10000) has occurred while \output is active []


Overfull \vbox (42.0pt too high) has occurred while \output is active []


Overfull \vbox (42.0pt too high) has occurred while \output is active []


Overfull \vbox (722.7pt too high) has occurred while \output is active []


Overfull \vbox (37.5pt too high) has occurred while \output is active []


Underfull \vbox (badness 10000) has occurred while \output is active []


Overfull \vbox (659.52pt too high) has occurred while \output is active []


[42 <./figures/resultsGenderGooglea.pdf>]
<figures/resultsGenderGlovea.pdf, id=903, 329.23pt x 580.1675pt>
File: figures/resultsGenderGlovea.pdf Graphic file (type pdf)
<use figures/resultsGenderGlovea.pdf>
Package pdftex.def Info: figures/resultsGenderGlovea.pdf  used on input line 14
68.
(pdftex.def)             Requested size: 384.0pt x 676.704pt.

Overfull \vbox (81.38399pt too high) has occurred while \output is active []


Underfull \vbox (badness 10000) has occurred while \output is active []


Underfull \vbox (badness 10000) has occurred while \output is active []


Underfull \vbox (badness 10000) has occurred while \output is active []


Overfull \vbox (42.0pt too high) has occurred while \output is active []


Overfull \vbox (42.0pt too high) has occurred while \output is active []


Overfull \vbox (722.7pt too high) has occurred while \output is active []


Overfull \vbox (37.5pt too high) has occurred while \output is active []


Underfull \vbox (badness 10000) has occurred while \output is active []


Overfull \vbox (659.52pt too high) has occurred while \output is active []


[43 <./figures/resultsGenderGlovea.pdf>]
<figures/resultsGenderReddita.pdf, id=919, 338.26375pt x 580.1675pt>
File: figures/resultsGenderReddita.pdf Graphic file (type pdf)
<use figures/resultsGenderReddita.pdf>
Package pdftex.def Info: figures/resultsGenderReddita.pdf  used on input line 1
470.
(pdftex.def)             Requested size: 384.0pt x 658.63577pt.

Overfull \vbox (63.31577pt too high) has occurred while \output is active []


Underfull \vbox (badness 10000) has occurred while \output is active []


Underfull \vbox (badness 10000) has occurred while \output is active []


Underfull \vbox (badness 10000) has occurred while \output is active []


Overfull \vbox (42.0pt too high) has occurred while \output is active []


Overfull \vbox (42.0pt too high) has occurred while \output is active []


Overfull \vbox (722.7pt too high) has occurred while \output is active []


Overfull \vbox (37.5pt too high) has occurred while \output is active []


Underfull \vbox (badness 10000) has occurred while \output is active []


Overfull \vbox (659.52pt too high) has occurred while \output is active []


[44 <./figures/resultsGenderReddita.pdf>]
<figures/resultsDebiasedReligionReddita.pdf, id=935, 375.4025pt x 580.1675pt>
File: figures/resultsDebiasedReligionReddita.pdf Graphic file (type pdf)
<use figures/resultsDebiasedReligionReddita.pdf>
Package pdftex.def Info: figures/resultsDebiasedReligionReddita.pdf  used on in
put line 1472.
(pdftex.def)             Requested size: 384.0pt x 593.48926pt.
<figures/resultsDebiasedRaceReddita.pdf, id=936, 374.39874pt x 580.1675pt>
File: figures/resultsDebiasedRaceReddita.pdf Graphic file (type pdf)
<use figures/resultsDebiasedRaceReddita.pdf>
Package pdftex.def Info: figures/resultsDebiasedRaceReddita.pdf  used on input 
line 1474.
(pdftex.def)             Requested size: 384.0pt x 595.07388pt.

Underfull \vbox (badness 10000) has occurred while \output is active []


Underfull \vbox (badness 10000) has occurred while \output is active []


Underfull \vbox (badness 10000) has occurred while \output is active []


Underfull \vbox (badness 10000) has occurred while \output is active []


Overfull \vbox (42.0pt too high) has occurred while \output is active []


Overfull \vbox (42.0pt too high) has occurred while \output is active []


Overfull \vbox (722.7pt too high) has occurred while \output is active []


Overfull \vbox (37.5pt too high) has occurred while \output is active []


Underfull \vbox (badness 10000) has occurred while \output is active []


Overfull \vbox (659.52pt too high) has occurred while \output is active []


[45 <./figures/resultsDebiasedReligionReddita.pdf>]
<figures/resultsDebiasedGenderReddita.pdf, id=951, 331.2375pt x 580.1675pt>
File: figures/resultsDebiasedGenderReddita.pdf Graphic file (type pdf)
<use figures/resultsDebiasedGenderReddita.pdf>
Package pdftex.def Info: figures/resultsDebiasedGenderReddita.pdf  used on inpu
t line 1476.
(pdftex.def)             Requested size: 384.0pt x 672.61409pt.

Underfull \vbox (badness 10000) has occurred while \output is active []


Underfull \vbox (badness 10000) has occurred while \output is active []


Underfull \vbox (badness 10000) has occurred while \output is active []


Underfull \vbox (badness 10000) has occurred while \output is active []


Overfull \vbox (42.0pt too high) has occurred while \output is active []


Overfull \vbox (42.0pt too high) has occurred while \output is active []


Overfull \vbox (722.7pt too high) has occurred while \output is active []


Overfull \vbox (37.5pt too high) has occurred while \output is active []


Underfull \vbox (badness 10000) has occurred while \output is active []


Overfull \vbox (659.52pt too high) has occurred while \output is active []


[46 <./figures/resultsDebiasedRaceReddita.pdf>]
Overfull \vbox (77.29408pt too high) has occurred while \output is active []


Underfull \vbox (badness 10000) has occurred while \output is active []


Underfull \vbox (badness 10000) has occurred while \output is active []


Underfull \vbox (badness 10000) has occurred while \output is active []


Overfull \vbox (42.0pt too high) has occurred while \output is active []


Overfull \vbox (42.0pt too high) has occurred while \output is active []


Overfull \vbox (722.7pt too high) has occurred while \output is active []


Overfull \vbox (37.5pt too high) has occurred while \output is active []


Underfull \vbox (badness 10000) has occurred while \output is active []


Overfull \vbox (659.52pt too high) has occurred while \output is active []


[47 <./figures/resultsDebiasedGenderReddita.pdf>]
<figures/figposteriorPrCheckAppendixa.pdf, id=980, 453.695pt x 319.1925pt>
File: figures/figposteriorPrCheckAppendixa.pdf Graphic file (type pdf)
<use figures/figposteriorPrCheckAppendixa.pdf>
Package pdftex.def Info: figures/figposteriorPrCheckAppendixa.pdf  used on inpu
t line 1484.
(pdftex.def)             Requested size: 384.0pt x 270.1606pt.
<figures/figposteriorPrCheckAppendixb.pdf, id=981, 462.72874pt x 319.1925pt>
File: figures/figposteriorPrCheckAppendixb.pdf Graphic file (type pdf)
<use figures/figposteriorPrCheckAppendixb.pdf>
Package pdftex.def Info: figures/figposteriorPrCheckAppendixb.pdf  used on inpu
t line 1486.
(pdftex.def)             Requested size: 384.0pt x 264.88586pt.
<figures/figposteriorPrCheckAppendixc.pdf, id=982, 465.74pt x 319.1925pt>
File: figures/figposteriorPrCheckAppendixc.pdf Graphic file (type pdf)
<use figures/figposteriorPrCheckAppendixc.pdf>
Package pdftex.def Info: figures/figposteriorPrCheckAppendixc.pdf  used on inpu
t line 1488.
(pdftex.def)             Requested size: 384.0pt x 263.1812pt.

Underfull \vbox (badness 10000) has occurred while \output is active []


Underfull \vbox (badness 10000) has occurred while \output is active []


Underfull \vbox (badness 10000) has occurred while \output is active []


Underfull \vbox (badness 10000) has occurred while \output is active []


Overfull \vbox (42.0pt too high) has occurred while \output is active []


Overfull \vbox (42.0pt too high) has occurred while \output is active []


Overfull \vbox (722.7pt too high) has occurred while \output is active []


Overfull \vbox (37.5pt too high) has occurred while \output is active []


Underfull \vbox (badness 10000) has occurred while \output is active []


Overfull \vbox (659.52pt too high) has occurred while \output is active []


[48 <./figures/figposteriorPrCheckAppendixa.pdf> <./figures/figposteriorPrCheck
Appendixb.pdf>]
<figures/figposteriorPrCheckAppendixd.pdf, id=1012, 453.695pt x 319.1925pt>
File: figures/figposteriorPrCheckAppendixd.pdf Graphic file (type pdf)
<use figures/figposteriorPrCheckAppendixd.pdf>
Package pdftex.def Info: figures/figposteriorPrCheckAppendixd.pdf  used on inpu
t line 1490.
(pdftex.def)             Requested size: 384.0pt x 270.1606pt.

Underfull \vbox (badness 10000) has occurred while \output is active []


Underfull \vbox (badness 10000) has occurred while \output is active []


Underfull \vbox (badness 10000) has occurred while \output is active []


Underfull \vbox (badness 10000) has occurred while \output is active []


Overfull \vbox (42.0pt too high) has occurred while \output is active []


Overfull \vbox (42.0pt too high) has occurred while \output is active []


Overfull \vbox (722.7pt too high) has occurred while \output is active []


Overfull \vbox (37.5pt too high) has occurred while \output is active []


Underfull \vbox (badness 10000) has occurred while \output is active []


Overfull \vbox (659.52pt too high) has occurred while \output is active []


[49 <./figures/figposteriorPrCheckAppendixc.pdf> <./figures/figposteriorPrCheck
Appendixd.pdf>]
Underfull \hbox (badness 1152) in paragraph at lines 1582--1621
\T1/ppl/m/n/10 `eleventh', `cpu', `ranked', `ir-re-versibly', `ponce', `ve-loci
-rap-tor', `de-fects', `puz-zle',
 []


Underfull \vbox (badness 10000) has occurred while \output is active []


Underfull \vbox (badness 10000) has occurred while \output is active []


Underfull \vbox (badness 10000) has occurred while \output is active []


Overfull \vbox (42.0pt too high) has occurred while \output is active []


Overfull \vbox (42.0pt too high) has occurred while \output is active []


Overfull \vbox (722.7pt too high) has occurred while \output is active []


Overfull \vbox (37.5pt too high) has occurred while \output is active []


Underfull \vbox (badness 10000) has occurred while \output is active []


Overfull \vbox (659.52pt too high) has occurred while \output is active []


[50]
Underfull \hbox (badness 1163) in paragraph at lines 1628--1644
\T1/ppl/m/n/10 ger', `char-ac-ter', `can-di-date', `break-fast', `sup-per', `di
n-ner', `eat', `drink', ``carry'',
 []


Underfull \hbox (badness 1824) in paragraph at lines 1628--1644
\T1/ppl/m/n/10 ``leg'', ``ar-rival'', ``trans-lated'', ``eyes'', ``step'', ``wh
ilst'', ``trans-la-tion'', ``prac-tices'',
 []

(./bayesBiasCL.bbl
Underfull \vbox (badness 10000) has occurred while \output is active []


Underfull \vbox (badness 10000) has occurred while \output is active []


Underfull \vbox (badness 10000) has occurred while \output is active []


Overfull \vbox (42.0pt too high) has occurred while \output is active []


Overfull \vbox (42.0pt too high) has occurred while \output is active []


Overfull \vbox (722.7pt too high) has occurred while \output is active []


Overfull \vbox (37.5pt too high) has occurred while \output is active []


Underfull \vbox (badness 10000) has occurred while \output is active []


Overfull \vbox (659.52pt too high) has occurred while \output is active []


[51]
Underfull \vbox (badness 10000) has occurred while \output is active []


Underfull \vbox (badness 10000) has occurred while \output is active []


Underfull \vbox (badness 10000) has occurred while \output is active []


Underfull \vbox (badness 10000) has occurred while \output is active []


Overfull \vbox (42.0pt too high) has occurred while \output is active []


Overfull \vbox (42.0pt too high) has occurred while \output is active []


Overfull \vbox (722.7pt too high) has occurred while \output is active []


Overfull \vbox (37.5pt too high) has occurred while \output is active []


Underfull \vbox (badness 10000) has occurred while \output is active []


Overfull \vbox (659.52pt too high) has occurred while \output is active []


[52])
Underfull \vbox (badness 10000) has occurred while \output is active []


Underfull \vbox (badness 10000) has occurred while \output is active []


Underfull \vbox (badness 10000) has occurred while \output is active []


Overfull \vbox (42.0pt too high) has occurred while \output is active []


Overfull \vbox (42.0pt too high) has occurred while \output is active []


Overfull \vbox (722.7pt too high) has occurred while \output is active []


Overfull \vbox (37.5pt too high) has occurred while \output is active []


Underfull \vbox (badness 10000) has occurred while \output is active []


Overfull \vbox (659.52pt too high) has occurred while \output is active []


[53] (./bayesBiasCL.aux)
Package rerunfilecheck Info: File `bayesBiasCL.out' has not changed.
(rerunfilecheck)             Checksum: 9998A2B69D6C86282D5176F3739D02F8;2951.
 ) 
Here is how much of TeX's memory you used:
 14035 strings out of 478051
 227165 string characters out of 5840943
 1870330 words of memory out of 5000000
 33738 multiletter control sequences out of 15000+600000
 553796 words of font info for 105 fonts, out of 8000000 for 9000
 14 hyphenation exceptions out of 8191
 87i,14n,90p,792b,644s stack positions out of 10000i,1000n,20000p,200000b,200000s
{/usr/share/texlive/texmf-dist/fonts/enc/dvips/base/8r.enc}</usr/share/texliv
e/texmf-dist/fonts/type1/public/amsfonts/cm/cmex10.pfb></usr/share/texlive/texm
f-dist/fonts/type1/public/amsfonts/cmextra/cmex8.pfb></usr/share/texlive/texmf-
dist/fonts/type1/public/amsfonts/cm/cmmi10.pfb></usr/share/texlive/texmf-dist/f
onts/type1/public/amsfonts/cm/cmmi5.pfb></usr/share/texlive/texmf-dist/fonts/ty
pe1/public/amsfonts/cm/cmmi6.pfb></usr/share/texlive/texmf-dist/fonts/type1/pub
lic/amsfonts/cm/cmmi7.pfb></usr/share/texlive/texmf-dist/fonts/type1/public/ams
fonts/cm/cmmi8.pfb></usr/share/texlive/texmf-dist/fonts/type1/public/amsfonts/c
m/cmr10.pfb></usr/share/texlive/texmf-dist/fonts/type1/public/amsfonts/cm/cmr5.
pfb></usr/share/texlive/texmf-dist/fonts/type1/public/amsfonts/cm/cmr7.pfb></us
r/share/texlive/texmf-dist/fonts/type1/public/amsfonts/cm/cmr8.pfb></usr/share/
texlive/texmf-dist/fonts/type1/public/amsfonts/cm/cmss10.pfb></usr/share/texliv
e/texmf-dist/fonts/type1/public/amsfonts/cm/cmss8.pfb></usr/share/texlive/texmf
-dist/fonts/type1/public/amsfonts/cm/cmsy10.pfb></usr/share/texlive/texmf-dist/
fonts/type1/urw/courier/ucrr8a.pfb></usr/share/texlive/texmf-dist/fonts/type1/u
rw/helvetic/uhvr8a.pfb></usr/share/texlive/texmf-dist/fonts/type1/urw/palatino/
uplb8a.pfb></usr/share/texlive/texmf-dist/fonts/type1/urw/palatino/uplr8a.pfb><
/usr/share/texlive/texmf-dist/fonts/type1/urw/palatino/uplri8a.pfb>
Output written on bayesBiasCL.pdf (53 pages, 6928087 bytes).
PDF statistics:
 1194 PDF objects out of 1200 (max. 8388607)
 974 compressed objects within 10 object streams
 172 named destinations out of 1000 (max. 500000)
 332 words of extra memory for PDF output out of 10000 (max. 10000000)

